2015-12-23 15:01:54,889 INFO org.apache.hadoop.conf.Configuration.deprecation: session.id is deprecated. Instead, use dfs.metrics.session-id
2015-12-23 15:01:54,891 INFO org.apache.hadoop.metrics.jvm.JvmMetrics: Initializing JVM Metrics with processName=JobTracker, sessionId=
2015-12-23 15:01:54,906 ERROR org.apache.hadoop.security.UserGroupInformation: PriviledgedActionException as:Andy (auth:SIMPLE) cause:org.apache.hadoop.mapred.FileAlreadyExistsException: Output directory file:/X:/repo/github/hadoop-mapreduce/weblog-mapreduce/src/main/resources/data/resourcecounter already exists
2015-12-23 15:02:41,695 INFO org.apache.hadoop.conf.Configuration.deprecation: session.id is deprecated. Instead, use dfs.metrics.session-id
2015-12-23 15:02:41,697 INFO org.apache.hadoop.metrics.jvm.JvmMetrics: Initializing JVM Metrics with processName=JobTracker, sessionId=
2015-12-23 15:02:41,710 ERROR org.apache.hadoop.security.UserGroupInformation: PriviledgedActionException as:Andy (auth:SIMPLE) cause:org.apache.hadoop.mapred.FileAlreadyExistsException: Output directory file:/X:/repo/github/hadoop-mapreduce/weblog-mapreduce/src/main/resources/data/resourcecounter already exists
2015-12-23 15:02:57,593 INFO org.apache.hadoop.conf.Configuration.deprecation: session.id is deprecated. Instead, use dfs.metrics.session-id
2015-12-23 15:02:57,594 INFO org.apache.hadoop.metrics.jvm.JvmMetrics: Initializing JVM Metrics with processName=JobTracker, sessionId=
2015-12-23 15:02:57,885 WARN org.apache.hadoop.mapreduce.JobSubmitter: No job jar file set.  User classes may not be found. See Job or Job#setJar(String).
2015-12-23 15:02:57,928 INFO org.apache.hadoop.mapreduce.lib.input.FileInputFormat: Total input paths to process : 1
2015-12-23 15:02:57,969 INFO org.apache.hadoop.mapreduce.JobSubmitter: number of splits:1
2015-12-23 15:02:58,049 INFO org.apache.hadoop.mapreduce.JobSubmitter: Submitting tokens for job: job_local1405055955_0001
2015-12-23 15:02:58,084 WARN org.apache.hadoop.conf.Configuration: file:/tmp/hadoop-Andy/mapred/staging/Andy1405055955/.staging/job_local1405055955_0001/job.xml:an attempt to override final parameter: mapreduce.job.end-notification.max.retry.interval;  Ignoring.
2015-12-23 15:02:58,085 WARN org.apache.hadoop.conf.Configuration: file:/tmp/hadoop-Andy/mapred/staging/Andy1405055955/.staging/job_local1405055955_0001/job.xml:an attempt to override final parameter: mapreduce.job.end-notification.max.attempts;  Ignoring.
2015-12-23 15:02:58,208 WARN org.apache.hadoop.conf.Configuration: file:/tmp/hadoop-Andy/mapred/local/localRunner/Andy/job_local1405055955_0001/job_local1405055955_0001.xml:an attempt to override final parameter: mapreduce.job.end-notification.max.retry.interval;  Ignoring.
2015-12-23 15:02:58,208 WARN org.apache.hadoop.conf.Configuration: file:/tmp/hadoop-Andy/mapred/local/localRunner/Andy/job_local1405055955_0001/job_local1405055955_0001.xml:an attempt to override final parameter: mapreduce.job.end-notification.max.attempts;  Ignoring.
2015-12-23 15:02:58,215 INFO org.apache.hadoop.mapreduce.Job: The url to track the job: http://localhost:8080/
2015-12-23 15:02:58,216 INFO org.apache.hadoop.mapreduce.Job: Running job: job_local1405055955_0001
2015-12-23 15:02:58,217 INFO org.apache.hadoop.mapred.LocalJobRunner: OutputCommitter set in config null
2015-12-23 15:02:58,222 INFO org.apache.hadoop.mapred.LocalJobRunner: OutputCommitter is org.apache.hadoop.mapreduce.lib.output.FileOutputCommitter
2015-12-23 15:02:58,266 INFO org.apache.hadoop.mapred.LocalJobRunner: Waiting for map tasks
2015-12-23 15:02:58,267 INFO org.apache.hadoop.mapred.LocalJobRunner: Starting task: attempt_local1405055955_0001_m_000000_0
2015-12-23 15:02:58,293 INFO org.apache.hadoop.yarn.util.ProcfsBasedProcessTree: ProcfsBasedProcessTree currently is supported only on Linux.
2015-12-23 15:02:58,304 INFO org.apache.hadoop.mapred.Task:  Using ResourceCalculatorProcessTree : org.apache.hadoop.yarn.util.WindowsBasedProcessTree@4cdfb3cc
2015-12-23 15:02:58,308 INFO org.apache.hadoop.mapred.MapTask: Processing split: file:/X:/repo/github/hadoop-mapreduce/weblog-mapreduce/src/main/resources/data/accesslog/access.log:0+24019858
2015-12-23 15:02:58,318 INFO org.apache.hadoop.mapred.MapTask: Map output collector class = org.apache.hadoop.mapred.MapTask$MapOutputBuffer
2015-12-23 15:02:58,344 INFO org.apache.hadoop.mapred.MapTask: (EQUATOR) 0 kvi 26214396(104857584)
2015-12-23 15:02:58,344 INFO org.apache.hadoop.mapred.MapTask: mapreduce.task.io.sort.mb: 100
2015-12-23 15:02:58,344 INFO org.apache.hadoop.mapred.MapTask: soft limit at 83886080
2015-12-23 15:02:58,344 INFO org.apache.hadoop.mapred.MapTask: bufstart = 0; bufvoid = 104857600
2015-12-23 15:02:58,345 INFO org.apache.hadoop.mapred.MapTask: kvstart = 26214396; length = 6553600
2015-12-23 15:02:58,687 INFO org.apache.hadoop.mapred.LocalJobRunner: 
2015-12-23 15:02:58,687 INFO org.apache.hadoop.mapred.MapTask: Starting flush of map output
2015-12-23 15:02:58,687 INFO org.apache.hadoop.mapred.MapTask: Spilling map output
2015-12-23 15:02:58,688 INFO org.apache.hadoop.mapred.MapTask: bufstart = 0; bufend = 6355146; bufvoid = 104857600
2015-12-23 15:02:58,688 INFO org.apache.hadoop.mapred.MapTask: kvstart = 26214396(104857584); kvend = 25599200(102396800); length = 615197/6553600
2015-12-23 15:02:58,930 INFO org.apache.hadoop.mapred.MapTask: Finished spill 0
2015-12-23 15:02:58,938 INFO org.apache.hadoop.mapred.Task: Task:attempt_local1405055955_0001_m_000000_0 is done. And is in the process of committing
2015-12-23 15:02:58,945 INFO org.apache.hadoop.mapred.LocalJobRunner: map
2015-12-23 15:02:58,945 INFO org.apache.hadoop.mapred.Task: Task 'attempt_local1405055955_0001_m_000000_0' done.
2015-12-23 15:02:58,945 INFO org.apache.hadoop.mapred.LocalJobRunner: Finishing task: attempt_local1405055955_0001_m_000000_0
2015-12-23 15:02:58,945 INFO org.apache.hadoop.mapred.LocalJobRunner: map task executor complete.
2015-12-23 15:02:58,947 INFO org.apache.hadoop.mapred.LocalJobRunner: Waiting for reduce tasks
2015-12-23 15:02:58,947 INFO org.apache.hadoop.mapred.LocalJobRunner: Starting task: attempt_local1405055955_0001_r_000000_0
2015-12-23 15:02:58,953 INFO org.apache.hadoop.yarn.util.ProcfsBasedProcessTree: ProcfsBasedProcessTree currently is supported only on Linux.
2015-12-23 15:02:58,965 INFO org.apache.hadoop.mapred.Task:  Using ResourceCalculatorProcessTree : org.apache.hadoop.yarn.util.WindowsBasedProcessTree@36eee6f2
2015-12-23 15:02:58,968 INFO org.apache.hadoop.mapred.ReduceTask: Using ShuffleConsumerPlugin: org.apache.hadoop.mapreduce.task.reduce.Shuffle@4ae33e8d
2015-12-23 15:02:58,976 INFO org.apache.hadoop.mapreduce.task.reduce.MergeManagerImpl: MergerManager: memoryLimit=1503238528, maxSingleShuffleLimit=375809632, mergeThreshold=992137472, ioSortFactor=10, memToMemMergeOutputsThreshold=10
2015-12-23 15:02:58,978 INFO org.apache.hadoop.mapreduce.task.reduce.EventFetcher: attempt_local1405055955_0001_r_000000_0 Thread started: EventFetcher for fetching Map Completion Events
2015-12-23 15:02:58,998 INFO org.apache.hadoop.mapreduce.task.reduce.LocalFetcher: localfetcher#1 about to shuffle output of map attempt_local1405055955_0001_m_000000_0 decomp: 6662748 len: 6662752 to MEMORY
2015-12-23 15:02:59,016 INFO org.apache.hadoop.mapreduce.task.reduce.InMemoryMapOutput: Read 6662748 bytes from map-output for attempt_local1405055955_0001_m_000000_0
2015-12-23 15:02:59,041 INFO org.apache.hadoop.mapreduce.task.reduce.MergeManagerImpl: closeInMemoryFile -> map-output of size: 6662748, inMemoryMapOutputs.size() -> 1, commitMemory -> 0, usedMemory ->6662748
2015-12-23 15:02:59,042 INFO org.apache.hadoop.mapreduce.task.reduce.EventFetcher: EventFetcher is interrupted.. Returning
2015-12-23 15:02:59,043 INFO org.apache.hadoop.mapred.LocalJobRunner: 1 / 1 copied.
2015-12-23 15:02:59,043 INFO org.apache.hadoop.mapreduce.task.reduce.MergeManagerImpl: finalMerge called with 1 in-memory map-outputs and 0 on-disk map-outputs
2015-12-23 15:02:59,050 INFO org.apache.hadoop.mapred.Merger: Merging 1 sorted segments
2015-12-23 15:02:59,050 INFO org.apache.hadoop.mapred.Merger: Down to the last merge-pass, with 1 segments left of total size: 6662737 bytes
2015-12-23 15:02:59,156 INFO org.apache.hadoop.mapreduce.task.reduce.MergeManagerImpl: Merged 1 segments, 6662748 bytes to disk to satisfy reduce memory limit
2015-12-23 15:02:59,156 INFO org.apache.hadoop.mapreduce.task.reduce.MergeManagerImpl: Merging 1 files, 6662752 bytes from disk
2015-12-23 15:02:59,157 INFO org.apache.hadoop.mapreduce.task.reduce.MergeManagerImpl: Merging 0 segments, 0 bytes from memory into reduce
2015-12-23 15:02:59,157 INFO org.apache.hadoop.mapred.Merger: Merging 1 sorted segments
2015-12-23 15:02:59,158 INFO org.apache.hadoop.mapred.Merger: Down to the last merge-pass, with 1 segments left of total size: 6662737 bytes
2015-12-23 15:02:59,158 INFO org.apache.hadoop.mapred.LocalJobRunner: 1 / 1 copied.
2015-12-23 15:02:59,166 INFO org.apache.hadoop.conf.Configuration.deprecation: mapred.skip.on is deprecated. Instead, use mapreduce.job.skiprecords
2015-12-23 15:02:59,219 INFO org.apache.hadoop.mapreduce.Job: Job job_local1405055955_0001 running in uber mode : false
2015-12-23 15:02:59,221 INFO org.apache.hadoop.mapreduce.Job:  map 100% reduce 0%
2015-12-23 15:02:59,349 INFO org.apache.hadoop.mapred.Task: Task:attempt_local1405055955_0001_r_000000_0 is done. And is in the process of committing
2015-12-23 15:02:59,351 INFO org.apache.hadoop.mapred.LocalJobRunner: 1 / 1 copied.
2015-12-23 15:02:59,351 INFO org.apache.hadoop.mapred.Task: Task attempt_local1405055955_0001_r_000000_0 is allowed to commit now
2015-12-23 15:02:59,353 INFO org.apache.hadoop.mapreduce.lib.output.FileOutputCommitter: Saved output of task 'attempt_local1405055955_0001_r_000000_0' to file:/X:/repo/github/hadoop-mapreduce/weblog-mapreduce/src/main/resources/data/resourcecounter/_temporary/0/task_local1405055955_0001_r_000000
2015-12-23 15:02:59,353 INFO org.apache.hadoop.mapred.LocalJobRunner: reduce > reduce
2015-12-23 15:02:59,353 INFO org.apache.hadoop.mapred.Task: Task 'attempt_local1405055955_0001_r_000000_0' done.
2015-12-23 15:02:59,353 INFO org.apache.hadoop.mapred.LocalJobRunner: Finishing task: attempt_local1405055955_0001_r_000000_0
2015-12-23 15:02:59,353 INFO org.apache.hadoop.mapred.LocalJobRunner: reduce task executor complete.
2015-12-23 15:03:00,223 INFO org.apache.hadoop.mapreduce.Job:  map 100% reduce 100%
2015-12-23 15:03:00,224 INFO org.apache.hadoop.mapreduce.Job: Job job_local1405055955_0001 completed successfully
2015-12-23 15:03:00,239 INFO org.apache.hadoop.mapreduce.Job: Counters: 33
	File System Counters
		FILE: Number of bytes read=61365696
		FILE: Number of bytes written=20408683
		FILE: Number of read operations=0
		FILE: Number of large read operations=0
		FILE: Number of write operations=0
	Map-Reduce Framework
		Map input records=221973
		Map output records=153800
		Map output bytes=6355146
		Map output materialized bytes=6662752
		Input split bytes=164
		Combine input records=0
		Combine output records=0
		Reduce input groups=330
		Reduce shuffle bytes=6662752
		Reduce input records=153800
		Reduce output records=330
		Spilled Records=307600
		Shuffled Maps =1
		Failed Shuffles=0
		Merged Map outputs=1
		GC time elapsed (ms)=16
		CPU time spent (ms)=0
		Physical memory (bytes) snapshot=0
		Virtual memory (bytes) snapshot=0
		Total committed heap usage (bytes)=771751936
	Shuffle Errors
		BAD_ID=0
		CONNECTION=0
		IO_ERROR=0
		WRONG_LENGTH=0
		WRONG_MAP=0
		WRONG_REDUCE=0
	File Input Format Counters 
		Bytes Read=24019858
	File Output Format Counters 
		Bytes Written=15743
2015-12-23 15:03:22,540 INFO org.apache.hadoop.conf.Configuration.deprecation: session.id is deprecated. Instead, use dfs.metrics.session-id
2015-12-23 15:03:22,541 INFO org.apache.hadoop.metrics.jvm.JvmMetrics: Initializing JVM Metrics with processName=JobTracker, sessionId=
2015-12-23 15:03:22,748 WARN org.apache.hadoop.mapreduce.JobSubmitter: No job jar file set.  User classes may not be found. See Job or Job#setJar(String).
2015-12-23 15:03:22,790 INFO org.apache.hadoop.mapreduce.lib.input.FileInputFormat: Total input paths to process : 1
2015-12-23 15:03:22,824 INFO org.apache.hadoop.mapreduce.JobSubmitter: number of splits:1
2015-12-23 15:03:22,906 INFO org.apache.hadoop.mapreduce.JobSubmitter: Submitting tokens for job: job_local159330287_0001
2015-12-23 15:03:22,939 WARN org.apache.hadoop.conf.Configuration: file:/tmp/hadoop-Andy/mapred/staging/Andy159330287/.staging/job_local159330287_0001/job.xml:an attempt to override final parameter: mapreduce.job.end-notification.max.retry.interval;  Ignoring.
2015-12-23 15:03:22,939 WARN org.apache.hadoop.conf.Configuration: file:/tmp/hadoop-Andy/mapred/staging/Andy159330287/.staging/job_local159330287_0001/job.xml:an attempt to override final parameter: mapreduce.job.end-notification.max.attempts;  Ignoring.
2015-12-23 15:03:23,039 WARN org.apache.hadoop.conf.Configuration: file:/tmp/hadoop-Andy/mapred/local/localRunner/Andy/job_local159330287_0001/job_local159330287_0001.xml:an attempt to override final parameter: mapreduce.job.end-notification.max.retry.interval;  Ignoring.
2015-12-23 15:03:23,040 WARN org.apache.hadoop.conf.Configuration: file:/tmp/hadoop-Andy/mapred/local/localRunner/Andy/job_local159330287_0001/job_local159330287_0001.xml:an attempt to override final parameter: mapreduce.job.end-notification.max.attempts;  Ignoring.
2015-12-23 15:03:23,044 INFO org.apache.hadoop.mapreduce.Job: The url to track the job: http://localhost:8080/
2015-12-23 15:03:23,045 INFO org.apache.hadoop.mapreduce.Job: Running job: job_local159330287_0001
2015-12-23 15:03:23,045 INFO org.apache.hadoop.mapred.LocalJobRunner: OutputCommitter set in config null
2015-12-23 15:03:23,051 INFO org.apache.hadoop.mapred.LocalJobRunner: OutputCommitter is org.apache.hadoop.mapreduce.lib.output.FileOutputCommitter
2015-12-23 15:03:23,106 INFO org.apache.hadoop.mapred.LocalJobRunner: Waiting for map tasks
2015-12-23 15:03:23,106 INFO org.apache.hadoop.mapred.LocalJobRunner: Starting task: attempt_local159330287_0001_m_000000_0
2015-12-23 15:03:23,129 INFO org.apache.hadoop.yarn.util.ProcfsBasedProcessTree: ProcfsBasedProcessTree currently is supported only on Linux.
2015-12-23 15:03:23,141 INFO org.apache.hadoop.mapred.Task:  Using ResourceCalculatorProcessTree : org.apache.hadoop.yarn.util.WindowsBasedProcessTree@6808d5e4
2015-12-23 15:03:23,144 INFO org.apache.hadoop.mapred.MapTask: Processing split: file:/X:/repo/github/hadoop-mapreduce/weblog-mapreduce/src/main/resources/data/resourcecounter/part-r-00000:0+15611
2015-12-23 15:03:23,152 INFO org.apache.hadoop.mapred.MapTask: Map output collector class = org.apache.hadoop.mapred.MapTask$MapOutputBuffer
2015-12-23 15:03:23,180 INFO org.apache.hadoop.mapred.MapTask: (EQUATOR) 0 kvi 26214396(104857584)
2015-12-23 15:03:23,180 INFO org.apache.hadoop.mapred.MapTask: mapreduce.task.io.sort.mb: 100
2015-12-23 15:03:23,180 INFO org.apache.hadoop.mapred.MapTask: soft limit at 83886080
2015-12-23 15:03:23,180 INFO org.apache.hadoop.mapred.MapTask: bufstart = 0; bufvoid = 104857600
2015-12-23 15:03:23,180 INFO org.apache.hadoop.mapred.MapTask: kvstart = 26214396; length = 6553600
2015-12-23 15:03:23,209 INFO org.apache.hadoop.mapred.LocalJobRunner: 
2015-12-23 15:03:23,210 INFO org.apache.hadoop.mapred.MapTask: Starting flush of map output
2015-12-23 15:03:23,210 INFO org.apache.hadoop.mapred.MapTask: Spilling map output
2015-12-23 15:03:23,210 INFO org.apache.hadoop.mapred.MapTask: bufstart = 0; bufend = 15977; bufvoid = 104857600
2015-12-23 15:03:23,210 INFO org.apache.hadoop.mapred.MapTask: kvstart = 26214396(104857584); kvend = 26213080(104852320); length = 1317/6553600
2015-12-23 15:03:23,224 INFO org.apache.hadoop.mapred.MapTask: Finished spill 0
2015-12-23 15:03:23,232 INFO org.apache.hadoop.mapred.Task: Task:attempt_local159330287_0001_m_000000_0 is done. And is in the process of committing
2015-12-23 15:03:23,239 INFO org.apache.hadoop.mapred.LocalJobRunner: map
2015-12-23 15:03:23,239 INFO org.apache.hadoop.mapred.Task: Task 'attempt_local159330287_0001_m_000000_0' done.
2015-12-23 15:03:23,239 INFO org.apache.hadoop.mapred.LocalJobRunner: Finishing task: attempt_local159330287_0001_m_000000_0
2015-12-23 15:03:23,240 INFO org.apache.hadoop.mapred.LocalJobRunner: map task executor complete.
2015-12-23 15:03:23,241 INFO org.apache.hadoop.mapred.LocalJobRunner: Waiting for reduce tasks
2015-12-23 15:03:23,241 INFO org.apache.hadoop.mapred.LocalJobRunner: Starting task: attempt_local159330287_0001_r_000000_0
2015-12-23 15:03:23,246 INFO org.apache.hadoop.yarn.util.ProcfsBasedProcessTree: ProcfsBasedProcessTree currently is supported only on Linux.
2015-12-23 15:03:23,257 INFO org.apache.hadoop.mapred.Task:  Using ResourceCalculatorProcessTree : org.apache.hadoop.yarn.util.WindowsBasedProcessTree@3deb640b
2015-12-23 15:03:23,259 INFO org.apache.hadoop.mapred.ReduceTask: Using ShuffleConsumerPlugin: org.apache.hadoop.mapreduce.task.reduce.Shuffle@57fce82c
2015-12-23 15:03:23,266 INFO org.apache.hadoop.mapreduce.task.reduce.MergeManagerImpl: MergerManager: memoryLimit=1503238528, maxSingleShuffleLimit=375809632, mergeThreshold=992137472, ioSortFactor=10, memToMemMergeOutputsThreshold=10
2015-12-23 15:03:23,269 INFO org.apache.hadoop.mapreduce.task.reduce.EventFetcher: attempt_local159330287_0001_r_000000_0 Thread started: EventFetcher for fetching Map Completion Events
2015-12-23 15:03:23,306 INFO org.apache.hadoop.mapreduce.task.reduce.LocalFetcher: localfetcher#1 about to shuffle output of map attempt_local159330287_0001_m_000000_0 decomp: 16639 len: 16643 to MEMORY
2015-12-23 15:03:23,309 INFO org.apache.hadoop.mapreduce.task.reduce.InMemoryMapOutput: Read 16639 bytes from map-output for attempt_local159330287_0001_m_000000_0
2015-12-23 15:03:23,328 INFO org.apache.hadoop.mapreduce.task.reduce.MergeManagerImpl: closeInMemoryFile -> map-output of size: 16639, inMemoryMapOutputs.size() -> 1, commitMemory -> 0, usedMemory ->16639
2015-12-23 15:03:23,328 INFO org.apache.hadoop.mapreduce.task.reduce.EventFetcher: EventFetcher is interrupted.. Returning
2015-12-23 15:03:23,329 INFO org.apache.hadoop.mapred.LocalJobRunner: 1 / 1 copied.
2015-12-23 15:03:23,329 INFO org.apache.hadoop.mapreduce.task.reduce.MergeManagerImpl: finalMerge called with 1 in-memory map-outputs and 0 on-disk map-outputs
2015-12-23 15:03:23,336 INFO org.apache.hadoop.mapred.Merger: Merging 1 sorted segments
2015-12-23 15:03:23,337 INFO org.apache.hadoop.mapred.Merger: Down to the last merge-pass, with 1 segments left of total size: 16633 bytes
2015-12-23 15:03:23,343 INFO org.apache.hadoop.mapreduce.task.reduce.MergeManagerImpl: Merged 1 segments, 16639 bytes to disk to satisfy reduce memory limit
2015-12-23 15:03:23,343 INFO org.apache.hadoop.mapreduce.task.reduce.MergeManagerImpl: Merging 1 files, 16643 bytes from disk
2015-12-23 15:03:23,344 INFO org.apache.hadoop.mapreduce.task.reduce.MergeManagerImpl: Merging 0 segments, 0 bytes from memory into reduce
2015-12-23 15:03:23,344 INFO org.apache.hadoop.mapred.Merger: Merging 1 sorted segments
2015-12-23 15:03:23,345 INFO org.apache.hadoop.mapred.Merger: Down to the last merge-pass, with 1 segments left of total size: 16633 bytes
2015-12-23 15:03:23,345 INFO org.apache.hadoop.mapred.LocalJobRunner: 1 / 1 copied.
2015-12-23 15:03:23,362 INFO org.apache.hadoop.conf.Configuration.deprecation: mapred.skip.on is deprecated. Instead, use mapreduce.job.skiprecords
2015-12-23 15:03:23,378 INFO org.apache.hadoop.mapred.Task: Task:attempt_local159330287_0001_r_000000_0 is done. And is in the process of committing
2015-12-23 15:03:23,379 INFO org.apache.hadoop.mapred.LocalJobRunner: 1 / 1 copied.
2015-12-23 15:03:23,380 INFO org.apache.hadoop.mapred.Task: Task attempt_local159330287_0001_r_000000_0 is allowed to commit now
2015-12-23 15:03:23,381 INFO org.apache.hadoop.mapreduce.lib.output.FileOutputCommitter: Saved output of task 'attempt_local159330287_0001_r_000000_0' to file:/X:/repo/github/hadoop-mapreduce/weblog-mapreduce/src/main/resources/data/countsorter/_temporary/0/task_local159330287_0001_r_000000
2015-12-23 15:03:23,381 INFO org.apache.hadoop.mapred.LocalJobRunner: reduce > reduce
2015-12-23 15:03:23,381 INFO org.apache.hadoop.mapred.Task: Task 'attempt_local159330287_0001_r_000000_0' done.
2015-12-23 15:03:23,381 INFO org.apache.hadoop.mapred.LocalJobRunner: Finishing task: attempt_local159330287_0001_r_000000_0
2015-12-23 15:03:23,382 INFO org.apache.hadoop.mapred.LocalJobRunner: reduce task executor complete.
2015-12-23 15:03:24,047 INFO org.apache.hadoop.mapreduce.Job: Job job_local159330287_0001 running in uber mode : false
2015-12-23 15:03:24,049 INFO org.apache.hadoop.mapreduce.Job:  map 100% reduce 100%
2015-12-23 15:03:24,050 INFO org.apache.hadoop.mapreduce.Job: Job job_local159330287_0001 completed successfully
2015-12-23 15:03:24,068 INFO org.apache.hadoop.mapreduce.Job: Counters: 33
	File System Counters
		FILE: Number of bytes read=65276
		FILE: Number of bytes written=465808
		FILE: Number of read operations=0
		FILE: Number of large read operations=0
		FILE: Number of write operations=0
	Map-Reduce Framework
		Map input records=330
		Map output records=330
		Map output bytes=15977
		Map output materialized bytes=16643
		Input split bytes=172
		Combine input records=0
		Combine output records=0
		Reduce input groups=131
		Reduce shuffle bytes=16643
		Reduce input records=330
		Reduce output records=330
		Spilled Records=660
		Shuffled Maps =1
		Failed Shuffles=0
		Merged Map outputs=1
		GC time elapsed (ms)=8
		CPU time spent (ms)=0
		Physical memory (bytes) snapshot=0
		Virtual memory (bytes) snapshot=0
		Total committed heap usage (bytes)=771751936
	Shuffle Errors
		BAD_ID=0
		CONNECTION=0
		IO_ERROR=0
		WRONG_LENGTH=0
		WRONG_MAP=0
		WRONG_REDUCE=0
	File Input Format Counters 
		Bytes Read=15751
	File Output Format Counters 
		Bytes Written=15743
